Traceback (most recent call last):
  File "/Users/taipanlan/Desktop/work/chemsmart/g16/g16", line 4, in <module>
    from chemsmart.jobs.gaussian.runner import FakeGaussian
  File "/Users/taipanlan/PycharmProjects/chemsmart/chemsmart/jobs/gaussian/__init__.py", line 14, in <module>
    from .crest import GaussianCrestJob
  File "/Users/taipanlan/PycharmProjects/chemsmart/chemsmart/jobs/gaussian/crest.py", line 12, in <module>
    from chemsmart.jobs.gaussian.job import GaussianGeneralJob, GaussianJob
  File "/Users/taipanlan/PycharmProjects/chemsmart/chemsmart/jobs/gaussian/job.py", line 20, in <module>
    from chemsmart.io.molecules.structure import Molecule
  File "/Users/taipanlan/PycharmProjects/chemsmart/chemsmart/io/molecules/structure.py", line 12, in <module>
    from ase.io import read as ase_read
  File "/opt/homebrew/Caskroom/miniconda/base/envs/chemsmart/lib/python3.10/site-packages/ase/io/__init__.py", line 1, in <module>
    from ase.io.bundletrajectory import BundleTrajectory
  File "/opt/homebrew/Caskroom/miniconda/base/envs/chemsmart/lib/python3.10/site-packages/ase/io/bundletrajectory.py", line 40, in <module>
    from ase.io.ulm import open as ulmopen
  File "/opt/homebrew/Caskroom/miniconda/base/envs/chemsmart/lib/python3.10/site-packages/ase/io/ulm.py", line 129, in <module>
    from ase.io.formats import is_compressed
  File "/opt/homebrew/Caskroom/miniconda/base/envs/chemsmart/lib/python3.10/site-packages/ase/io/formats.py", line 520, in <module>
    register_external_io_formats('ase.ioformats')
  File "/opt/homebrew/Caskroom/miniconda/base/envs/chemsmart/lib/python3.10/site-packages/ase/io/formats.py", line 315, in register_external_io_formats
    if hasattr(entry_points(), 'select'):
  File "/opt/homebrew/Caskroom/miniconda/base/envs/chemsmart/lib/python3.10/importlib/metadata/__init__.py", line 1021, in entry_points
    return SelectableGroups.load(eps).select(**params)
  File "/opt/homebrew/Caskroom/miniconda/base/envs/chemsmart/lib/python3.10/importlib/metadata/__init__.py", line 459, in load
    ordered = sorted(eps, key=by_group)
  File "/opt/homebrew/Caskroom/miniconda/base/envs/chemsmart/lib/python3.10/importlib/metadata/__init__.py", line 1019, in <genexpr>
    dist.entry_points for dist in unique(distributions())
  File "/opt/homebrew/Caskroom/miniconda/base/envs/chemsmart/lib/python3.10/importlib/metadata/__init__.py", line 631, in entry_points
    return EntryPoints._from_text_for(self.read_text('entry_points.txt'), self)
  File "/opt/homebrew/Caskroom/miniconda/base/envs/chemsmart/lib/python3.10/importlib/metadata/__init__.py", line 927, in read_text
    return self._path.joinpath(filename).read_text(encoding='utf-8')
  File "/opt/homebrew/Caskroom/miniconda/base/envs/chemsmart/lib/python3.10/pathlib.py", line 851, in joinpath
    return self._make_child(args)
  File "/opt/homebrew/Caskroom/miniconda/base/envs/chemsmart/lib/python3.10/pathlib.py", line 617, in _make_child
    drv, root, parts = self._flavour.join_parsed_parts(
KeyboardInterrupt
